# Logfile created on 2014-01-04 16:34:11 -0800 by logger.rb/31641
I, [2014-01-04T16:34:11.174680 #6490]  INFO -- : 0:  rake (10.1.1) from /Users/jeff/.gem/ruby/1.9.3/specifications/rake-10.1.1.gemspec
I, [2014-01-04T16:34:12.506494 #6490]  INFO -- : 0:  i18n (0.6.9) from /Users/jeff/.gem/ruby/1.9.3/specifications/i18n-0.6.9.gemspec
I, [2014-01-04T16:34:14.745561 #6490]  INFO -- : 0:  minitest (4.7.5) from /Users/jeff/.gem/ruby/1.9.3/specifications/minitest-4.7.5.gemspec
I, [2014-01-04T16:34:16.131110 #6490]  INFO -- : 0:  multi_json (1.8.2) from /Users/jeff/.gem/ruby/1.9.3/specifications/multi_json-1.8.2.gemspec
I, [2014-01-04T16:34:19.604406 #6490]  INFO -- : 0:  atomic (1.1.14) from /Users/jeff/.gem/ruby/1.9.3/specifications/atomic-1.1.14.gemspec
I, [2014-01-04T16:34:22.367824 #6490]  INFO -- : 0:  thread_safe (0.1.3) from /Users/jeff/.gem/ruby/1.9.3/specifications/thread_safe-0.1.3.gemspec
I, [2014-01-04T16:34:25.945791 #6490]  INFO -- : 0:  tzinfo (0.3.38) from /Users/jeff/.gem/ruby/1.9.3/specifications/tzinfo-0.3.38.gemspec
I, [2014-01-04T16:34:28.500869 #6490]  INFO -- : 0:  activesupport (4.0.2) from /Users/jeff/.gem/ruby/1.9.3/specifications/activesupport-4.0.2.gemspec
I, [2014-01-04T16:34:29.378446 #6490]  INFO -- : 0:  builder (3.1.4) from /Users/jeff/.gem/ruby/1.9.3/specifications/builder-3.1.4.gemspec
I, [2014-01-04T16:34:30.942276 #6490]  INFO -- : 0:  activemodel (4.0.2) from /Users/jeff/.gem/ruby/1.9.3/specifications/activemodel-4.0.2.gemspec
I, [2014-01-04T16:34:32.117913 #6490]  INFO -- : 0:  activerecord-deprecated_finders (1.0.3) from /Users/jeff/.gem/ruby/1.9.3/specifications/activerecord-deprecated_finders-1.0.3.gemspec
I, [2014-01-04T16:34:33.592500 #6490]  INFO -- : 0:  arel (4.0.1) from /Users/jeff/.gem/ruby/1.9.3/specifications/arel-4.0.1.gemspec
I, [2014-01-04T16:34:35.795809 #6490]  INFO -- : 0:  activerecord (4.0.2) from /Users/jeff/.gem/ruby/1.9.3/specifications/activerecord-4.0.2.gemspec
I, [2014-01-04T16:34:36.768552 #6490]  INFO -- : 0:  bond (0.4.3) from /Users/jeff/.gem/ruby/1.9.3/specifications/bond-0.4.3.gemspec
I, [2014-01-04T16:34:38.007842 #6490]  INFO -- : 0:  tilt (1.4.1) from /Users/jeff/.gem/ruby/1.9.3/specifications/tilt-1.4.1.gemspec
I, [2014-01-04T16:34:39.552793 #6490]  INFO -- : 0:  haml (4.0.4) from /Users/jeff/.gem/ruby/1.9.3/specifications/haml-4.0.4.gemspec
I, [2014-01-04T16:34:51.960417 #6490]  INFO -- : 0:  pg (0.17.1) from /Users/jeff/.gem/ruby/1.9.3/specifications/pg-0.17.1.gemspec
I, [2014-01-04T16:34:52.959400 #6490]  INFO -- : 0:  protected_attributes (1.0.5) from /Users/jeff/.gem/ruby/1.9.3/specifications/protected_attributes-1.0.5.gemspec
I, [2014-01-04T16:34:52.960193 #6490]  INFO -- : 0:  rack (1.5.2) from /Users/jeff/.gem/ruby/1.9.3/specifications/rack-1.5.2.gemspec
I, [2014-01-04T16:34:54.087824 #6490]  INFO -- : 0:  rack-protection (1.5.1) from /Users/jeff/.gem/ruby/1.9.3/specifications/rack-protection-1.5.1.gemspec
I, [2014-01-04T16:34:54.886726 #6490]  INFO -- : 0:  rack-test (0.6.2) from /Users/jeff/.gem/ruby/1.9.3/specifications/rack-test-0.6.2.gemspec
I, [2014-01-04T16:34:55.645975 #6490]  INFO -- : 0:  ripl (0.7.0) from /Users/jeff/.gem/ruby/1.9.3/specifications/ripl-0.7.0.gemspec
I, [2014-01-04T16:34:56.810505 #6490]  INFO -- : 0:  ripl-multi_line (0.3.1) from /Users/jeff/.gem/ruby/1.9.3/specifications/ripl-multi_line-0.3.1.gemspec
I, [2014-01-04T16:34:57.548468 #6490]  INFO -- : 0:  ripl-rack (0.2.0) from /Users/jeff/.gem/ruby/1.9.3/specifications/ripl-rack-0.2.0.gemspec
I, [2014-01-04T16:35:00.071212 #6490]  INFO -- : 0:  sass (3.2.10) from /Users/jeff/.gem/ruby/1.9.3/specifications/sass-3.2.10.gemspec
I, [2014-01-04T16:35:00.829842 #6490]  INFO -- : 0:  shotgun (0.9) from /Users/jeff/.gem/ruby/1.9.3/specifications/shotgun-0.9.gemspec
I, [2014-01-04T16:35:03.911002 #6490]  INFO -- : 0:  sinatra (1.4.4) from /Users/jeff/.gem/ruby/1.9.3/specifications/sinatra-1.4.4.gemspec
I, [2014-01-04T16:35:04.542116 #6490]  INFO -- : 0:  sinatra-activerecord (1.2.3) from /Users/jeff/.gem/ruby/1.9.3/specifications/sinatra-activerecord-1.2.3.gemspec
I, [2014-01-04T16:35:08.952021 #6490]  INFO -- : 0:  sqlite3 (1.3.8) from /Users/jeff/.gem/ruby/1.9.3/specifications/sqlite3-1.3.8.gemspec
I, [2014-01-04T16:35:09.794744 #6490]  INFO -- : 0:  tux (0.3.0) from /Users/jeff/.gem/ruby/1.9.3/specifications/tux-0.3.0.gemspec
I, [2014-01-04T16:35:09.795605 #6490]  INFO -- : 0:  bundler (1.5.1) from /Users/jeff/.gem/ruby/1.9.3/specifications/bundler-1.5.1.gemspec
